This is XeTeX, Version 3.14159265-2.6-0.99998 (MiKTeX 2.9.6500 64-bit) (preloaded format=xelatex 2018.9.7)  21 SEP 2018 10:33
entering extended mode
**./JeremiahDunneResume.tex
(JeremiahDunneResume.tex
LaTeX2e <2017-04-15>
Babel <3.15> and hyphenation patterns for 75 language(s) loaded.
(awesome-cv.cls
Document Class: awesome-cv 2017/02/05 v1.6.1 Awesome Curriculum Vitae Class
(D:\MikTeX\tex\latex\base\article.cls
Document Class: article 2014/09/29 v1.4h Standard LaTeX document class
(D:\MikTeX\tex\latex\base\size11.clo
File: size11.clo 2014/09/29 v1.4h Standard LaTeX file (size option)
)
\c@part=\count79
\c@section=\count80
\c@subsection=\count81
\c@subsubsection=\count82
\c@paragraph=\count83
\c@subparagraph=\count84
\c@figure=\count85
\c@table=\count86
\abovecaptionskip=\skip41
\belowcaptionskip=\skip42
\bibindent=\dimen102
) (D:\MikTeX\tex\latex\tools\array.sty
Package: array 2016/10/06 v2.4d Tabular extension package (FMi)
\col@sep=\dimen103
\extrarowheight=\dimen104
\NC@list=\toks14
\extratabsurround=\skip43
\backup@length=\skip44
)
(D:\MikTeX\tex\latex\enumitem\enumitem.sty
Package: enumitem 2011/09/28 v3.5.2 Customized lists
\enitkv@toks@=\toks15
\labelindent=\skip45
\enit@outerparindent=\dimen105
\enit@toks=\toks16
\enit@inbox=\box26
\enitdp@description=\count87
)
(D:\MikTeX\tex\latex\ms\ragged2e.sty
Package: ragged2e 2009/05/21 v2.1 ragged2e Package (MS)
 (D:\MikTeX\tex\latex\ms\everysel.sty
Package: everysel 2011/10/28 v1.2 EverySelectfont Package (MS)
)
\CenteringLeftskip=\skip46
\RaggedLeftLeftskip=\skip47
\RaggedRightLeftskip=\skip48
\CenteringRightskip=\skip49
\RaggedLeftRightskip=\skip50
\RaggedRightRightskip=\skip51
\CenteringParfillskip=\skip52
\RaggedLeftParfillskip=\skip53
\RaggedRightParfillskip=\skip54
\JustifyingParfillskip=\skip55
\CenteringParindent=\skip56
\RaggedLeftParindent=\skip57
\RaggedRightParindent=\skip58
\JustifyingParindent=\skip59
)
(D:\MikTeX\tex\latex\geometry\geometry.sty
Package: geometry 2010/09/12 v5.6 Page Geometry

(D:\MikTeX\tex\latex\graphics\keyval.sty
Package: keyval 2014/10/28 v1.15 key=value parser (DPC)
\KV@toks@=\toks17
)
(D:\MikTeX\tex\generic\oberdiek\ifpdf.sty
Package: ifpdf 2017/03/15 v3.2 Provides the ifpdf switch
)
(D:\MikTeX\tex\generic\oberdiek\ifvtex.sty
Package: ifvtex 2016/05/16 v1.6 Detect VTeX and its facilities (HO)
Package ifvtex Info: VTeX not detected.
)
(D:\MikTeX\tex\generic\ifxetex\ifxetex.sty
Package: ifxetex 2010/09/12 v0.6 Provides ifxetex conditional
)
\Gm@cnth=\count88
\Gm@cntv=\count89
\c@Gm@tempcnt=\count90
\Gm@bindingoffset=\dimen106
\Gm@wd@mp=\dimen107
\Gm@odd@mp=\dimen108
\Gm@even@mp=\dimen109
\Gm@layoutwidth=\dimen110
\Gm@layoutheight=\dimen111
\Gm@layouthoffset=\dimen112
\Gm@layoutvoffset=\dimen113
\Gm@dimlist=\toks18

(D:\MikTeX\tex\xelatex\xetexconfig\geometry.cfg))
(D:\MikTeX\tex\latex\fancyhdr\fancyhdr.sty
Package: fancyhdr 2017/06/30 v3.9a Extensive control of page headers and footer
s
\f@nch@headwidth=\skip60
\f@nch@O@elh=\skip61
\f@nch@O@erh=\skip62
\f@nch@O@olh=\skip63
\f@nch@O@orh=\skip64
\f@nch@O@elf=\skip65
\f@nch@O@erf=\skip66
\f@nch@O@olf=\skip67
\f@nch@O@orf=\skip68
)
(D:\MikTeX\tex\latex\xcolor\xcolor.sty
Package: xcolor 2016/05/11 v2.12 LaTeX color extensions (UK)

(D:\MikTeX\tex\latex\graphics-cfg\color.cfg
File: color.cfg 2016/01/02 v1.6 sample color configuration
)
Package xcolor Info: Driver file: xetex.def on input line 225.

(D:\MikTeX\tex\latex\graphics-def\xetex.def
File: xetex.def 2017/06/24 v5.0h Graphics/color driver for xetex
)
Package xcolor Info: Model `cmy' substituted by `cmy0' on input line 1348.
Package xcolor Info: Model `RGB' extended on input line 1364.
Package xcolor Info: Model `HTML' substituted by `rgb' on input line 1366.
Package xcolor Info: Model `Hsb' substituted by `hsb' on input line 1367.
Package xcolor Info: Model `tHsb' substituted by `hsb' on input line 1368.
Package xcolor Info: Model `HSB' substituted by `hsb' on input line 1369.
Package xcolor Info: Model `Gray' substituted by `gray' on input line 1370.
Package xcolor Info: Model `wave' substituted by `hsb' on input line 1371.
)
(D:\MikTeX\tex\latex\xifthen\xifthen.sty
Package: xifthen 2015/11/05 v1.4.0 Extended ifthen features
 (D:\MikTeX\tex\latex\tools\calc.sty
Package: calc 2014/10/28 v4.3 Infix arithmetic (KKT,FJ)
\calc@Acount=\count91
\calc@Bcount=\count92
\calc@Adimen=\dimen114
\calc@Bdimen=\dimen115
\calc@Askip=\skip69
\calc@Bskip=\skip70
LaTeX Info: Redefining \setlength on input line 80.
LaTeX Info: Redefining \addtolength on input line 81.
\calc@Ccount=\count93
\calc@Cskip=\skip71
)
(D:\MikTeX\tex\latex\base\ifthen.sty
Package: ifthen 2014/09/29 v1.1c Standard LaTeX ifthen package (DPC)
) (D:\MikTeX\tex\latex\ifmtarg\ifmtarg.sty
Package: ifmtarg 2018/04/16 v1.2b check for an empty argument
)) (D:\MikTeX\tex\latex\etoolbox\etoolbox.sty
Package: etoolbox 2018/08/19 v2.5f e-TeX tools for LaTeX (JAW)
\etb@tempcnta=\count94
)
(D:\MikTeX\tex\latex\setspace\setspace.sty
Package: setspace 2011/12/19 v6.7a set line spacing
)
(D:\MikTeX\tex\latex\fontspec\fontspec.sty
(D:\MikTeX\tex\latex\l3packages\xparse\xparse.sty
(D:\MikTeX\tex\latex\l3kernel\expl3.sty
Package: expl3 2018-08-23 L3 programming layer (loader) 

(D:\MikTeX\tex\latex\l3kernel\expl3-code.tex
Package: expl3 2018-08-23 L3 programming layer (code)
\c_max_int=\count95
\l_tmpa_int=\count96
\l_tmpb_int=\count97
\g_tmpa_int=\count98
\g_tmpb_int=\count99
\g__kernel_prg_map_int=\count100
\c_log_iow=\count101
\l_iow_line_count_int=\count102
\l__iow_line_target_int=\count103
\l__iow_one_indent_int=\count104
\l__iow_indent_int=\count105
\c_zero_dim=\dimen116
\c_max_dim=\dimen117
\l_tmpa_dim=\dimen118
\l_tmpb_dim=\dimen119
\g_tmpa_dim=\dimen120
\g_tmpb_dim=\dimen121
\c_zero_skip=\skip72
\c_max_skip=\skip73
\l_tmpa_skip=\skip74
\l_tmpb_skip=\skip75
\g_tmpa_skip=\skip76
\g_tmpb_skip=\skip77
\c_zero_muskip=\muskip10
\c_max_muskip=\muskip11
\l_tmpa_muskip=\muskip12
\l_tmpb_muskip=\muskip13
\g_tmpa_muskip=\muskip14
\g_tmpb_muskip=\muskip15
\l_keys_choice_int=\count106
\l__intarray_loop_int=\count107
\c__intarray_sp_dim=\dimen122
\g__intarray_font_int=\count108
\c__fp_leading_shift_int=\count109
\c__fp_middle_shift_int=\count110
\c__fp_trailing_shift_int=\count111
\c__fp_big_leading_shift_int=\count112
\c__fp_big_middle_shift_int=\count113
\c__fp_big_trailing_shift_int=\count114
\c__fp_Bigg_leading_shift_int=\count115
\c__fp_Bigg_middle_shift_int=\count116
\c__fp_Bigg_trailing_shift_int=\count117
\g__fp_array_int=\count118
\l__fp_array_loop_int=\count119
\l__sort_length_int=\count120
\l__sort_min_int=\count121
\l__sort_top_int=\count122
\l__sort_max_int=\count123
\l__sort_true_max_int=\count124
\l__sort_block_int=\count125
\l__sort_begin_int=\count126
\l__sort_end_int=\count127
\l__sort_A_int=\count128
\l__sort_B_int=\count129
\l__sort_C_int=\count130
\l__tl_analysis_normal_int=\count131
\l__tl_analysis_index_int=\count132
\l__tl_analysis_nesting_int=\count133
\l__tl_analysis_type_int=\count134
\l__regex_internal_a_int=\count135
\l__regex_internal_b_int=\count136
\l__regex_internal_c_int=\count137
\l__regex_balance_int=\count138
\l__regex_group_level_int=\count139
\l__regex_mode_int=\count140
\c__regex_cs_in_class_mode_int=\count141
\c__regex_cs_mode_int=\count142
\l__regex_catcodes_int=\count143
\l__regex_default_catcodes_int=\count144
\c__regex_catcode_L_int=\count145
\c__regex_catcode_O_int=\count146
\c__regex_catcode_A_int=\count147
\c__regex_all_catcodes_int=\count148
\l__regex_show_lines_int=\count149
\l__regex_min_state_int=\count150
\l__regex_max_state_int=\count151
\l__regex_left_state_int=\count152
\l__regex_right_state_int=\count153
\l__regex_capturing_group_int=\count154
\l__regex_min_pos_int=\count155
\l__regex_max_pos_int=\count156
\l__regex_curr_pos_int=\count157
\l__regex_start_pos_int=\count158
\l__regex_success_pos_int=\count159
\l__regex_curr_char_int=\count160
\l__regex_curr_catcode_int=\count161
\l__regex_last_char_int=\count162
\l__regex_case_changed_char_int=\count163
\l__regex_curr_state_int=\count164
\l__regex_step_int=\count165
\l__regex_min_active_int=\count166
\l__regex_max_active_int=\count167
\l__regex_replacement_csnames_int=\count168
\l__regex_match_count_int=\count169
\l__regex_min_submatch_int=\count170
\l__regex_submatch_int=\count171
\l__regex_zeroth_submatch_int=\count172
\g__regex_trace_regex_int=\count173
\c_empty_box=\box27
\l_tmpa_box=\box28
\l_tmpb_box=\box29
\g_tmpa_box=\box30
\g_tmpb_box=\box31
\l__box_top_dim=\dimen123
\l__box_bottom_dim=\dimen124
\l__box_left_dim=\dimen125
\l__box_right_dim=\dimen126
\l__box_top_new_dim=\dimen127
\l__box_bottom_new_dim=\dimen128
\l__box_left_new_dim=\dimen129
\l__box_right_new_dim=\dimen130
\l__box_internal_box=\box32
\l__coffin_internal_box=\box33
\l__coffin_internal_dim=\dimen131
\l__coffin_offset_x_dim=\dimen132
\l__coffin_offset_y_dim=\dimen133
\l__coffin_x_dim=\dimen134
\l__coffin_y_dim=\dimen135
\l__coffin_x_prime_dim=\dimen136
\l__coffin_y_prime_dim=\dimen137
\c_empty_coffin=\box34
\l__coffin_aligned_coffin=\box35
\l__coffin_aligned_internal_coffin=\box36
\l_tmpa_coffin=\box37
\l_tmpb_coffin=\box38
\l__coffin_display_coffin=\box39
\l__coffin_display_coord_coffin=\box40
\l__coffin_display_pole_coffin=\box41
\l__coffin_display_offset_dim=\dimen138
\l__coffin_display_x_dim=\dimen139
\l__coffin_display_y_dim=\dimen140
\g__file_internal_ior=\read1
\l__coffin_bounding_shift_dim=\dimen141
\l__coffin_left_corner_dim=\dimen142
\l__coffin_right_corner_dim=\dimen143
\l__coffin_bottom_corner_dim=\dimen144
\l__coffin_top_corner_dim=\dimen145
\l__coffin_scaled_total_height_dim=\dimen146
\l__coffin_scaled_width_dim=\dimen147
)
(D:\MikTeX\tex\latex\l3kernel\l3xdvipdfmx.def
File: l3xdvidpfmx.def 2018-08-23 v L3 Experimental driver: xdvipdfmx
\g__driver_image_int=\count174
))
Package: xparse 2018-08-23 L3 Experimental document command parser
\l__xparse_current_arg_int=\count175
\g__xparse_grabber_int=\count176
\l__xparse_m_args_int=\count177
\l__xparse_mandatory_args_int=\count178
\l__xparse_v_nesting_int=\count179
)
Package: fontspec 2017/11/05 v2.6f Font selection for XeLaTeX and LuaLaTeX

(D:\MikTeX\tex\latex\fontspec\fontspec-xetex.sty
Package: fontspec-xetex 2017/11/05 v2.6f Font selection for XeLaTeX and LuaLaTe
X
\l__fontspec_script_int=\count180
\l__fontspec_language_int=\count181
\l__fontspec_strnum_int=\count182
\l__fontspec_tmp_int=\count183
\l__fontspec_em_int=\count184
\l__fontspec_emdef_int=\count185
\l__fontspec_strong_int=\count186
\l__fontspec_strongdef_int=\count187
\l__fontspec_tmpa_dim=\dimen148
\l__fontspec_tmpb_dim=\dimen149
\l__fontspec_tmpc_dim=\dimen150

(D:\MikTeX\tex\latex\base\fontenc.sty
Package: fontenc 2017/04/05 v2.0i Standard LaTeX package
 (D:\MikTeX\tex\latex\base\tuenc.def
File: tuenc.def 2017/04/05 v2.0i Standard LaTeX file
LaTeX Font Info:    Redeclaring font encoding TU on input line 82.
))
.................................................
. LaTeX info: "xparse/define-command"
. 
. Defining command \fontspec with sig. 'O{}mO{}' on line 546.
.................................................
.................................................
. LaTeX info: "xparse/define-command"
. 
. Defining command \setmainfont with sig. 'O{}mO{}' on line 550.
.................................................
.................................................
. LaTeX info: "xparse/define-command"
. 
. Defining command \setsansfont with sig. 'O{}mO{}' on line 554.
.................................................
.................................................
. LaTeX info: "xparse/define-command"
. 
. Defining command \setmonofont with sig. 'O{}mO{}' on line 558.
.................................................
.................................................
. LaTeX info: "xparse/define-command"
. 
. Defining command \setmathrm with sig. 'O{}mO{}' on line 562.
.................................................
.................................................
. LaTeX info: "xparse/define-command"
. 
. Defining command \setboldmathrm with sig. 'O{}mO{}' on line 566.
.................................................
.................................................
. LaTeX info: "xparse/define-command"
. 
. Defining command \setmathsf with sig. 'O{}mO{}' on line 570.
.................................................
.................................................
. LaTeX info: "xparse/define-command"
. 
. Defining command \setmathtt with sig. 'O{}mO{}' on line 574.
.................................................
.................................................
. LaTeX info: "xparse/define-command"
. 
. Defining command \setromanfont with sig. 'O{}mO{}' on line 578.
.................................................
.................................................
. LaTeX info: "xparse/define-command"
. 
. Defining command \newfontfamily with sig. 'mO{}mO{}' on line 582.
.................................................
.................................................
. LaTeX info: "xparse/define-command"
. 
. Defining command \newfontface with sig. 'mO{}mO{}' on line 586.
.................................................
.................................................
. LaTeX info: "xparse/define-command"
. 
. Defining command \defaultfontfeatures with sig. 't+om' on line 590.
.................................................
.................................................
. LaTeX info: "xparse/define-command"
. 
. Defining command \addfontfeatures with sig. 'm' on line 594.
.................................................
.................................................
. LaTeX info: "xparse/define-command"
. 
. Defining command \addfontfeature with sig. 'm' on line 598.
.................................................
.................................................
. LaTeX info: "xparse/define-command"
. 
. Defining command \newfontfeature with sig. 'mm' on line 602.
.................................................
.................................................
. LaTeX info: "xparse/define-command"
. 
. Defining command \newAATfeature with sig. 'mmmm' on line 606.
.................................................
.................................................
. LaTeX info: "xparse/define-command"
. 
. Defining command \newopentypefeature with sig. 'mmm' on line 610.
.................................................
.................................................
. LaTeX info: "xparse/define-command"
. 
. Defining command \newICUfeature with sig. 'mmm' on line 614.
.................................................
.................................................
. LaTeX info: "xparse/define-command"
. 
. Defining command \aliasfontfeature with sig. 'mm' on line 618.
.................................................
.................................................
. LaTeX info: "xparse/define-command"
. 
. Defining command \aliasfontfeatureoption with sig. 'mmm' on line 622.
.................................................
.................................................
. LaTeX info: "xparse/define-command"
. 
. Defining command \newfontscript with sig. 'mm' on line 626.
.................................................
.................................................
. LaTeX info: "xparse/define-command"
. 
. Defining command \newfontlanguage with sig. 'mm' on line 630.
.................................................
.................................................
. LaTeX info: "xparse/define-command"
. 
. Defining command \DeclareFontsExtensions with sig. 'm' on line 634.
.................................................
.................................................
. LaTeX info: "xparse/define-command"
. 
. Defining command \IfFontFeatureActiveTF with sig. 'mmm' on line 638.
.................................................
.................................................
. LaTeX info: "xparse/define-command"
. 
. Defining command \EncodingCommand with sig. 'mO{}m' on line 3636.
.................................................
.................................................
. LaTeX info: "xparse/define-command"
. 
. Defining command \EncodingAccent with sig. 'mm' on line 3642.
.................................................
.................................................
. LaTeX info: "xparse/define-command"
. 
. Defining command \EncodingSymbol with sig. 'mm' on line 3648.
.................................................
.................................................
. LaTeX info: "xparse/define-command"
. 
. Defining command \EncodingComposite with sig. 'mmm' on line 3654.
.................................................
.................................................
. LaTeX info: "xparse/define-command"
. 
. Defining command \EncodingCompositeCommand with sig. 'mmm' on line 3660.
.................................................
.................................................
. LaTeX info: "xparse/define-command"
. 
. Defining command \DeclareUnicodeEncoding with sig. 'mm' on line 3685.
.................................................
.................................................
. LaTeX info: "xparse/define-command"
. 
. Defining command \UndeclareSymbol with sig. 'm' on line 3691.
.................................................
.................................................
. LaTeX info: "xparse/define-command"
. 
. Defining command \UndeclareAccent with sig. 'm' on line 3697.
.................................................
.................................................
. LaTeX info: "xparse/define-command"
. 
. Defining command \UndeclareCommand with sig. 'm' on line 3703.
.................................................
.................................................
. LaTeX info: "xparse/define-command"
. 
. Defining command \UndeclareComposite with sig. 'mm' on line 3710.
.................................................

(D:\MikTeX\tex\latex\fontspec\fontspec.cfg)
LaTeX Info: Redefining \itshape on input line 3895.
LaTeX Info: Redefining \slshape on input line 3900.
LaTeX Info: Redefining \scshape on input line 3905.
LaTeX Info: Redefining \upshape on input line 3910.
LaTeX Info: Redefining \em on input line 3940.
LaTeX Info: Redefining \emph on input line 3965.
LaTeX Info: Redefining \- on input line 4019.
.................................................
. LaTeX info: "xparse/redefine-command"
. 
. Redefining command \oldstylenums with sig. 'm' on line 4114.
.................................................
.................................................
. LaTeX info: "xparse/define-command"
. 
. Defining command \liningnums with sig. 'm' on line 4118.
.................................................
))
(D:\MikTeX\tex\latex\unicode-math\unicode-math.sty
Package: unicode-math 2018/07/29 vv0.8m Unicode maths in XeLaTeX and LuaLaTeX

(D:\MikTeX\tex\latex\unicode-math\unicode-math-xetex.sty
Package: unicode-math-xetex 2018/07/29 vv0.8m Unicode maths in XeLaTeX and LuaL
aTeX

(D:\MikTeX\tex\latex\l3packages\l3keys2e\l3keys2e.sty
Package: l3keys2e 2018-08-23 LaTeX2e option processing using LaTeX3 keys
)
(D:\MikTeX\tex\latex\filehook\filehook.sty
Package: filehook 2011/10/12 v0.5d Hooks for input files
)
(D:\MikTeX\tex\latex\base\fix-cm.sty
Package: fix-cm 2015/01/14 v1.1t fixes to LaTeX
 (D:\MikTeX\tex\latex\base\ts1enc.def
File: ts1enc.def 2001/06/05 v3.0e (jk/car/fm) Standard LaTeX file
))
\g__um_fam_int=\count188
\g__um_fonts_used_int=\count189
\l__um_primecount_int=\count190
\g__um_primekern_muskip=\muskip16
.................................................
. LaTeX info: "xparse/define-command"
. 
. Defining command \unimathsetup with sig. 'm' on line 285.
.................................................
.................................................
. LaTeX info: "xparse/define-command"
. 
. Defining command \setmathfont with sig. 'O{}mO{}' on line 289.
.................................................
.................................................
. LaTeX info: "xparse/define-command"
. 
. Defining command \setmathfontface with sig. 'mO{}mO{}' on line 293.
.................................................
.................................................
. LaTeX info: "xparse/define-command"
. 
. Defining command \setoperatorfont with sig. 'm' on line 298.
.................................................
.................................................
. LaTeX info: "xparse/define-command"
. 
. Defining command \addnolimits with sig. 'm' on line 303.
.................................................
.................................................
. LaTeX info: "xparse/define-command"
. 
. Defining command \removenolimits with sig. 'm' on line 307.
.................................................

(D:\MikTeX\tex\latex\unicode-math\unicode-math-table.tex)
.................................................
. LaTeX info: "xparse/redefine-command"
. 
. Redefining command \not with sig. 'm' on line 3909.
.................................................
.................................................
. LaTeX info: "xparse/define-command"
. 
. Defining command \NewNegationCommand with sig. 'mm' on line 3913.
.................................................
.................................................
. LaTeX info: "xparse/define-command"
. 
. Defining command \RenewNegationCommand with sig. 'mm' on line 3917.
.................................................
)) (fontawesome.sty
Package: fontawesome 2015/11/04 v4.4.0 font awesome icons
\g__fontspec_family_FontAwesome_int=\count191
)
(D:\MikTeX\tex\latex\sourcesanspro\sourcesanspro.sty
Package: sourcesanspro 2016/12/03 v2.6 Adobe's Source Sans Pro typeface

(D:\MikTeX\tex\generic\oberdiek\ifluatex.sty
Package: ifluatex 2016/05/16 v1.4 Provides the ifluatex switch (HO)
Package ifluatex Info: LuaTeX not detected.
)
(D:\MikTeX\tex\latex\xkeyval\xkeyval.sty
Package: xkeyval 2014/12/03 v2.7a package option processing (HA)

(D:\MikTeX\tex\generic\xkeyval\xkeyval.tex
(D:\MikTeX\tex\generic\xkeyval\xkvutils.tex
\XKV@toks=\toks19
\XKV@tempa@toks=\toks20
)
\XKV@depth=\count192
File: xkeyval.tex 2014/12/03 v2.7a key=value parser (HA)
))
\g__fontspec_family_SourceSansPro_int=\count193
LaTeX Info: Redefining \sffamily on input line 123.
LaTeX Font Info:    Overwriting math alphabet `\mathsf' in version `normal'
(Font)                  OT1/cmss/m/n --> TU/SourceSansPro(1)/m/n on input line 
123.
LaTeX Font Info:    Overwriting math alphabet `\mathsf' in version `bold'
(Font)                  OT1/cmss/bx/n --> TU/SourceSansPro(1)/bx/n on input lin
e 123.
)
(D:\MikTeX\tex\latex\tcolorbox\tcolorbox.sty
Package: tcolorbox 2018/07/26 version 4.14 text color boxes

(D:\MikTeX\tex\latex\pgf\basiclayer\pgf.sty
(D:\MikTeX\tex\latex\pgf\utilities\pgfrcs.sty
(D:\MikTeX\tex\generic\pgf\utilities\pgfutil-common.tex
\pgfutil@everybye=\toks21
\pgfutil@tempdima=\dimen151
\pgfutil@tempdimb=\dimen152

(D:\MikTeX\tex\generic\pgf\utilities\pgfutil-common-lists.tex))
(D:\MikTeX\tex\generic\pgf\utilities\pgfutil-latex.def
\pgfutil@abb=\box42

(D:\MikTeX\tex\latex\ms\everyshi.sty
Package: everyshi 2001/05/15 v3.00 EveryShipout Package (MS)
))
(D:\MikTeX\tex\generic\pgf\utilities\pgfrcs.code.tex
Package: pgfrcs 2015/08/07 v3.0.1a (rcs-revision 1.31)
))
Package: pgf 2015/08/07 v3.0.1a (rcs-revision 1.15)

(D:\MikTeX\tex\latex\pgf\basiclayer\pgfcore.sty
(D:\MikTeX\tex\latex\graphics\graphicx.sty
Package: graphicx 2017/06/01 v1.1a Enhanced LaTeX Graphics (DPC,SPQR)

(D:\MikTeX\tex\latex\graphics\graphics.sty
Package: graphics 2017/06/25 v1.2c Standard LaTeX Graphics (DPC,SPQR)

(D:\MikTeX\tex\latex\graphics\trig.sty
Package: trig 2016/01/03 v1.10 sin cos tan (DPC)
)
(D:\MikTeX\tex\latex\graphics-cfg\graphics.cfg
File: graphics.cfg 2016/06/04 v1.11 sample graphics configuration
)
Package graphics Info: Driver file: xetex.def on input line 99.
)
\Gin@req@height=\dimen153
\Gin@req@width=\dimen154
)
(D:\MikTeX\tex\latex\pgf\systemlayer\pgfsys.sty
(D:\MikTeX\tex\generic\pgf\systemlayer\pgfsys.code.tex
Package: pgfsys 2014/07/09 v3.0.1a (rcs-revision 1.48)

(D:\MikTeX\tex\generic\pgf\utilities\pgfkeys.code.tex
\pgfkeys@pathtoks=\toks22
\pgfkeys@temptoks=\toks23

(D:\MikTeX\tex\generic\pgf\utilities\pgfkeysfiltered.code.tex
\pgfkeys@tmptoks=\toks24
))
\pgf@x=\dimen155
\pgf@y=\dimen156
\pgf@xa=\dimen157
\pgf@ya=\dimen158
\pgf@xb=\dimen159
\pgf@yb=\dimen160
\pgf@xc=\dimen161
\pgf@yc=\dimen162
\w@pgf@writea=\write3
\r@pgf@reada=\read2
\c@pgf@counta=\count194
\c@pgf@countb=\count195
\c@pgf@countc=\count196
\c@pgf@countd=\count197
\t@pgf@toka=\toks25
\t@pgf@tokb=\toks26
\t@pgf@tokc=\toks27

(D:\MikTeX\tex\generic\pgf\systemlayer\pgf.cfg
File: pgf.cfg 2008/05/14  (rcs-revision 1.7)
)
Driver file for pgf: pgfsys-xetex.def

(D:\MikTeX\tex\generic\pgf\systemlayer\pgfsys-xetex.def
File: pgfsys-xetex.def 2014/07/09  (rcs-revision 1.11)

(D:\MikTeX\tex\generic\pgf\systemlayer\pgfsys-dvipdfmx.def
File: pgfsys-dvipdfmx.def 2014/07/09  (rcs-revision 1.14)

(D:\MikTeX\tex\generic\pgf\systemlayer\pgfsys-common-pdf.def
File: pgfsys-common-pdf.def 2013/10/10  (rcs-revision 1.13)
)
\pgfsys@objnum=\count198
)))
(D:\MikTeX\tex\generic\pgf\systemlayer\pgfsyssoftpath.code.tex
File: pgfsyssoftpath.code.tex 2013/09/09  (rcs-revision 1.9)
\pgfsyssoftpath@smallbuffer@items=\count199
\pgfsyssoftpath@bigbuffer@items=\count266
)
(D:\MikTeX\tex\generic\pgf\systemlayer\pgfsysprotocol.code.tex
File: pgfsysprotocol.code.tex 2006/10/16  (rcs-revision 1.4)
))
(D:\MikTeX\tex\generic\pgf\basiclayer\pgfcore.code.tex
Package: pgfcore 2010/04/11 v3.0.1a (rcs-revision 1.7)

(D:\MikTeX\tex\generic\pgf\math\pgfmath.code.tex
(D:\MikTeX\tex\generic\pgf\math\pgfmathcalc.code.tex
(D:\MikTeX\tex\generic\pgf\math\pgfmathutil.code.tex)
(D:\MikTeX\tex\generic\pgf\math\pgfmathparser.code.tex
\pgfmath@dimen=\dimen163
\pgfmath@count=\count267
\pgfmath@box=\box43
\pgfmath@toks=\toks28
\pgfmath@stack@operand=\toks29
\pgfmath@stack@operation=\toks30
)
(D:\MikTeX\tex\generic\pgf\math\pgfmathfunctions.code.tex
(D:\MikTeX\tex\generic\pgf\math\pgfmathfunctions.basic.code.tex)
(D:\MikTeX\tex\generic\pgf\math\pgfmathfunctions.trigonometric.code.tex)
(D:\MikTeX\tex\generic\pgf\math\pgfmathfunctions.random.code.tex)
(D:\MikTeX\tex\generic\pgf\math\pgfmathfunctions.comparison.code.tex)
(D:\MikTeX\tex\generic\pgf\math\pgfmathfunctions.base.code.tex)
(D:\MikTeX\tex\generic\pgf\math\pgfmathfunctions.round.code.tex)
(D:\MikTeX\tex\generic\pgf\math\pgfmathfunctions.misc.code.tex)
(D:\MikTeX\tex\generic\pgf\math\pgfmathfunctions.integerarithmetics.code.tex)))
(D:\MikTeX\tex\generic\pgf\math\pgfmathfloat.code.tex
\c@pgfmathroundto@lastzeros=\count268
))
(D:\MikTeX\tex\generic\pgf\basiclayer\pgfcorepoints.code.tex
File: pgfcorepoints.code.tex 2013/10/07  (rcs-revision 1.27)
\pgf@picminx=\dimen164
\pgf@picmaxx=\dimen165
\pgf@picminy=\dimen166
\pgf@picmaxy=\dimen167
\pgf@pathminx=\dimen168
\pgf@pathmaxx=\dimen169
\pgf@pathminy=\dimen170
\pgf@pathmaxy=\dimen171
\pgf@xx=\dimen172
\pgf@xy=\dimen173
\pgf@yx=\dimen174
\pgf@yy=\dimen175
\pgf@zx=\dimen176
\pgf@zy=\dimen177
)
(D:\MikTeX\tex\generic\pgf\basiclayer\pgfcorepathconstruct.code.tex
File: pgfcorepathconstruct.code.tex 2013/10/07  (rcs-revision 1.29)
\pgf@path@lastx=\dimen178
\pgf@path@lasty=\dimen179
)
(D:\MikTeX\tex\generic\pgf\basiclayer\pgfcorepathusage.code.tex
File: pgfcorepathusage.code.tex 2014/11/02  (rcs-revision 1.24)
\pgf@shorten@end@additional=\dimen180
\pgf@shorten@start@additional=\dimen181
)
(D:\MikTeX\tex\generic\pgf\basiclayer\pgfcorescopes.code.tex
File: pgfcorescopes.code.tex 2015/05/08  (rcs-revision 1.46)
\pgfpic=\box44
\pgf@hbox=\box45
\pgf@layerbox@main=\box46
\pgf@picture@serial@count=\count269
)
(D:\MikTeX\tex\generic\pgf\basiclayer\pgfcoregraphicstate.code.tex
File: pgfcoregraphicstate.code.tex 2014/11/02  (rcs-revision 1.12)
\pgflinewidth=\dimen182
)
(D:\MikTeX\tex\generic\pgf\basiclayer\pgfcoretransformations.code.tex
File: pgfcoretransformations.code.tex 2015/08/07  (rcs-revision 1.20)
\pgf@pt@x=\dimen183
\pgf@pt@y=\dimen184
\pgf@pt@temp=\dimen185
)
(D:\MikTeX\tex\generic\pgf\basiclayer\pgfcorequick.code.tex
File: pgfcorequick.code.tex 2008/10/09  (rcs-revision 1.3)
)
(D:\MikTeX\tex\generic\pgf\basiclayer\pgfcoreobjects.code.tex
File: pgfcoreobjects.code.tex 2006/10/11  (rcs-revision 1.2)
)
(D:\MikTeX\tex\generic\pgf\basiclayer\pgfcorepathprocessing.code.tex
File: pgfcorepathprocessing.code.tex 2013/09/09  (rcs-revision 1.9)
)
(D:\MikTeX\tex\generic\pgf\basiclayer\pgfcorearrows.code.tex
File: pgfcorearrows.code.tex 2015/05/14  (rcs-revision 1.43)
\pgfarrowsep=\dimen186
)
(D:\MikTeX\tex\generic\pgf\basiclayer\pgfcoreshade.code.tex
File: pgfcoreshade.code.tex 2013/07/15  (rcs-revision 1.15)
\pgf@max=\dimen187
\pgf@sys@shading@range@num=\count270
)
(D:\MikTeX\tex\generic\pgf\basiclayer\pgfcoreimage.code.tex
File: pgfcoreimage.code.tex 2013/07/15  (rcs-revision 1.18)

(D:\MikTeX\tex\generic\pgf\basiclayer\pgfcoreexternal.code.tex
File: pgfcoreexternal.code.tex 2014/07/09  (rcs-revision 1.21)
\pgfexternal@startupbox=\box47
))
(D:\MikTeX\tex\generic\pgf\basiclayer\pgfcorelayers.code.tex
File: pgfcorelayers.code.tex 2013/07/18  (rcs-revision 1.7)
)
(D:\MikTeX\tex\generic\pgf\basiclayer\pgfcoretransparency.code.tex
File: pgfcoretransparency.code.tex 2013/09/30  (rcs-revision 1.5)
)
(D:\MikTeX\tex\generic\pgf\basiclayer\pgfcorepatterns.code.tex
File: pgfcorepatterns.code.tex 2013/11/07  (rcs-revision 1.5)
)))
(D:\MikTeX\tex\generic\pgf\modules\pgfmoduleshapes.code.tex
File: pgfmoduleshapes.code.tex 2014/03/21  (rcs-revision 1.35)
\pgfnodeparttextbox=\box48
)
(D:\MikTeX\tex\generic\pgf\modules\pgfmoduleplot.code.tex
File: pgfmoduleplot.code.tex 2015/08/03  (rcs-revision 1.13)
)
(D:\MikTeX\tex\latex\pgf\compatibility\pgfcomp-version-0-65.sty
Package: pgfcomp-version-0-65 2007/07/03 v3.0.1a (rcs-revision 1.7)
\pgf@nodesepstart=\dimen188
\pgf@nodesepend=\dimen189
)
(D:\MikTeX\tex\latex\pgf\compatibility\pgfcomp-version-1-18.sty
Package: pgfcomp-version-1-18 2007/07/23 v3.0.1a (rcs-revision 1.1)
))
(D:\MikTeX\tex\latex\tools\verbatim.sty
Package: verbatim 2014/10/28 v1.5q LaTeX2e package for verbatim enhancements
\every@verbatim=\toks31
\verbatim@line=\toks32
\verbatim@in@stream=\read3
)
(D:\MikTeX\tex\latex\environ\environ.sty
Package: environ 2014/05/04 v0.3 A new way to define environments

(D:\MikTeX\tex\latex\trimspaces\trimspaces.sty
Package: trimspaces 2009/09/17 v1.1 Trim spaces around a token list
)
\@envbody=\toks33
)
\tcb@titlebox=\box49
\tcb@upperbox=\box50
\tcb@lowerbox=\box51
\tcb@phantombox=\box52
\c@tcbbreakpart=\count271
\c@tcblayer=\count272
\tcolorbox@number=\count273
\tcb@temp=\box53
\tcb@temp=\box54
\tcb@temp=\box55
\tcb@temp=\box56
\tcb@out=\write4
\tcb@record@out=\write5

(D:\MikTeX\tex\latex\tcolorbox\tcbskins.code.tex
Library (tcolorbox): 'tcbskins.code.tex' version '4.14'
(D:\MikTeX\tex\latex\pgf\frontendlayer\tikz.sty
(D:\MikTeX\tex\latex\pgf\utilities\pgffor.sty
(D:\MikTeX\tex\latex\pgf\utilities\pgfkeys.sty
(D:\MikTeX\tex\generic\pgf\utilities\pgfkeys.code.tex))
(D:\MikTeX\tex\latex\pgf\math\pgfmath.sty
(D:\MikTeX\tex\generic\pgf\math\pgfmath.code.tex))
(D:\MikTeX\tex\generic\pgf\utilities\pgffor.code.tex
Package: pgffor 2013/12/13 v3.0.1a (rcs-revision 1.25)

(D:\MikTeX\tex\generic\pgf\math\pgfmath.code.tex)
\pgffor@iter=\dimen190
\pgffor@skip=\dimen191
\pgffor@stack=\toks34
\pgffor@toks=\toks35
))
(D:\MikTeX\tex\generic\pgf\frontendlayer\tikz\tikz.code.tex
Package: tikz 2015/08/07 v3.0.1a (rcs-revision 1.151)

(D:\MikTeX\tex\generic\pgf\libraries\pgflibraryplothandlers.code.tex
File: pgflibraryplothandlers.code.tex 2013/08/31 v3.0.1a (rcs-revision 1.20)
\pgf@plot@mark@count=\count274
\pgfplotmarksize=\dimen192
)
\tikz@lastx=\dimen193
\tikz@lasty=\dimen194
\tikz@lastxsaved=\dimen195
\tikz@lastysaved=\dimen196
\tikzleveldistance=\dimen197
\tikzsiblingdistance=\dimen198
\tikz@figbox=\box57
\tikz@figbox@bg=\box58
\tikz@tempbox=\box59
\tikz@tempbox@bg=\box60
\tikztreelevel=\count275
\tikznumberofchildren=\count276
\tikznumberofcurrentchild=\count277
\tikz@fig@count=\count278

(D:\MikTeX\tex\generic\pgf\modules\pgfmodulematrix.code.tex
File: pgfmodulematrix.code.tex 2013/09/17  (rcs-revision 1.8)
\pgfmatrixcurrentrow=\count279
\pgfmatrixcurrentcolumn=\count280
\pgf@matrix@numberofcolumns=\count281
)
\tikz@expandcount=\count282

(D:\MikTeX\tex\generic\pgf\frontendlayer\tikz\libraries\tikzlibrarytopaths.code
.tex
File: tikzlibrarytopaths.code.tex 2008/06/17 v3.0.1a (rcs-revision 1.2)
)))
\tcb@waterbox=\box61
 (D:\MikTeX\tex\latex\tcolorbox\tcbskinsjigsaw.code.tex
Library (tcolorbox): 'tcbskinsjigsaw.code.tex' version '4.14'
))) (D:\MikTeX\tex\latex\ltxmisc\parskip.sty
Package: parskip 2001/04/09 non-zero parskip adjustments
)
(D:\MikTeX\tex\latex\hyperref\hyperref.sty
Package: hyperref 2017/03/14 v6.85a Hypertext links for LaTeX

(D:\MikTeX\tex\generic\oberdiek\hobsub-hyperref.sty
Package: hobsub-hyperref 2016/05/16 v1.14 Bundle oberdiek, subset hyperref (HO)


(D:\MikTeX\tex\generic\oberdiek\hobsub-generic.sty
Package: hobsub-generic 2016/05/16 v1.14 Bundle oberdiek, subset generic (HO)
Package: hobsub 2016/05/16 v1.14 Construct package bundles (HO)
Package: infwarerr 2016/05/16 v1.4 Providing info/warning/error messages (HO)
Package: ltxcmds 2016/05/16 v1.23 LaTeX kernel commands for general use (HO)
Package hobsub Info: Skipping package `ifluatex' (already loaded).
Package hobsub Info: Skipping package `ifvtex' (already loaded).
Package: intcalc 2016/05/16 v1.2 Expandable calculations with integers (HO)
Package hobsub Info: Skipping package `ifpdf' (already loaded).
Package: etexcmds 2016/05/16 v1.6 Avoid name clashes with e-TeX commands (HO)
Package etexcmds Info: Could not find \expanded.
(etexcmds)             That can mean that you are not using pdfTeX 1.50 or
(etexcmds)             that some package has redefined \expanded.
(etexcmds)             In the latter case, load this package earlier.
Package: kvsetkeys 2016/05/16 v1.17 Key value parser (HO)
Package: kvdefinekeys 2016/05/16 v1.4 Define keys (HO)
Package: pdftexcmds 2017/03/19 v0.25 Utility functions of pdfTeX for LuaTeX (HO
)
Package pdftexcmds Info: LuaTeX not detected.
Package pdftexcmds Info: pdfTeX >= 1.30 not detected.
Package pdftexcmds Info: \pdf@primitive is available.
Package pdftexcmds Info: \pdf@ifprimitive is available.
Package pdftexcmds Info: \pdfdraftmode not found.
Package: pdfescape 2016/05/16 v1.14 Implements pdfTeX's escape features (HO)
Package: bigintcalc 2016/05/16 v1.4 Expandable calculations on big integers (HO
)
Package: bitset 2016/05/16 v1.2 Handle bit-vector datatype (HO)
Package: uniquecounter 2016/05/16 v1.3 Provide unlimited unique counter (HO)
)
Package hobsub Info: Skipping package `hobsub' (already loaded).
Package: letltxmacro 2016/05/16 v1.5 Let assignment for LaTeX macros (HO)
Package: hopatch 2016/05/16 v1.3 Wrapper for package hooks (HO)
Package: xcolor-patch 2016/05/16 xcolor patch
Package: atveryend 2016/05/16 v1.9 Hooks at the very end of document (HO)
Package: atbegshi 2016/06/09 v1.18 At begin shipout hook (HO)
Package: refcount 2016/05/16 v3.5 Data extraction from label references (HO)
Package: hycolor 2016/05/16 v1.8 Color options for hyperref/bookmark (HO)
)
(D:\MikTeX\tex\latex\oberdiek\auxhook.sty
Package: auxhook 2016/05/16 v1.4 Hooks for auxiliary files (HO)
)
(D:\MikTeX\tex\latex\oberdiek\kvoptions.sty
Package: kvoptions 2016/05/16 v3.12 Key value format for package options (HO)
)
\@linkdim=\dimen199
\Hy@linkcounter=\count283
\Hy@pagecounter=\count284

(D:\MikTeX\tex\latex\hyperref\pd1enc.def
File: pd1enc.def 2017/03/14 v6.85a Hyperref: PDFDocEncoding definition (HO)
)
\Hy@SavedSpaceFactor=\count285

(D:\MikTeX\tex\latex\00miktex\hyperref.cfg
File: hyperref.cfg 2002/06/06 v1.2 hyperref configuration of TeXLive
)
Package hyperref Info: Option `unicode' set `true' on input line 4374.

(D:\MikTeX\tex\latex\hyperref\puenc.def
File: puenc.def 2017/03/14 v6.85a Hyperref: PDF Unicode definition (HO)
)
Package hyperref Info: Hyper figures OFF on input line 4498.
Package hyperref Info: Link nesting OFF on input line 4503.
Package hyperref Info: Hyper index ON on input line 4506.
Package hyperref Info: Plain pages OFF on input line 4513.
Package hyperref Info: Backreferencing OFF on input line 4518.
Package hyperref Info: Implicit mode ON; LaTeX internals redefined.
Package hyperref Info: Bookmarks ON on input line 4751.
\c@Hy@tempcnt=\count286
 (D:\MikTeX\tex\latex\url\url.sty
\Urlmuskip=\muskip17
Package: url 2013/09/16  ver 3.4  Verb mode for urls, etc.
)
LaTeX Info: Redefining \url on input line 5104.
\XeTeXLinkMargin=\dimen256
\Fld@menulength=\count287
\Field@Width=\dimen257
\Fld@charsize=\dimen258
Package hyperref Info: Hyper figures OFF on input line 6358.
Package hyperref Info: Link nesting OFF on input line 6363.
Package hyperref Info: Hyper index ON on input line 6366.
Package hyperref Info: backreferencing OFF on input line 6373.
Package hyperref Info: Link coloring OFF on input line 6378.
Package hyperref Info: Link coloring with OCG OFF on input line 6383.
Package hyperref Info: PDF/A mode OFF on input line 6388.
LaTeX Info: Redefining \ref on input line 6428.
LaTeX Info: Redefining \pageref on input line 6432.
\Hy@abspage=\count288
\c@Item=\count289
\c@Hfootnote=\count290
)

Package hyperref Message: Driver (autodetected): hxetex.

(D:\MikTeX\tex\latex\hyperref\hxetex.def
File: hxetex.def 2017/03/14 v6.85a Hyperref driver for XeTeX

(D:\MikTeX\tex\generic\oberdiek\stringenc.sty
Package: stringenc 2016/05/16 v1.11 Convert strings between diff. encodings (HO
)
)
\pdfm@box=\box62
\c@Hy@AnnotLevel=\count291
\HyField@AnnotCount=\count292
\Fld@listcount=\count293
\c@bookmark@seq@number=\count294

(D:\MikTeX\tex\latex\oberdiek\rerunfilecheck.sty
Package: rerunfilecheck 2016/05/16 v1.8 Rerun checks for auxiliary files (HO)
Package rerunfilecheck Info: Feature \pdfmdfivesum is not available
(rerunfilecheck)             (e.g. pdfTeX or LuaTeX with package `pdftexcmds').

(rerunfilecheck)             Therefore file contents cannot be checked efficien
tly
(rerunfilecheck)             and the loading of the package is aborted.
)
\Hy@SectionHShift=\skip78
)
LaTeX Info: Redefining \FA on input line 169.
\g__fontspec_family_Roboto_int=\count295
) (JeremiahDunneResume.aux)
\openout1 = `JeremiahDunneResume.aux'.

LaTeX Font Info:    Checking defaults for OML/cmm/m/it on input line 71.
LaTeX Font Info:    ... okay on input line 71.
LaTeX Font Info:    Checking defaults for T1/cmr/m/n on input line 71.
LaTeX Font Info:    ... okay on input line 71.
LaTeX Font Info:    Checking defaults for OT1/cmr/m/n on input line 71.
LaTeX Font Info:    ... okay on input line 71.
LaTeX Font Info:    Checking defaults for OMS/cmsy/m/n on input line 71.
LaTeX Font Info:    ... okay on input line 71.
LaTeX Font Info:    Checking defaults for TU/lmr/m/n on input line 71.
LaTeX Font Info:    ... okay on input line 71.
LaTeX Font Info:    Checking defaults for OMX/cmex/m/n on input line 71.
LaTeX Font Info:    ... okay on input line 71.
LaTeX Font Info:    Checking defaults for U/cmr/m/n on input line 71.
LaTeX Font Info:    ... okay on input line 71.
LaTeX Font Info:    Checking defaults for TS1/cmr/m/n on input line 71.
LaTeX Font Info:    ... okay on input line 71.
LaTeX Font Info:    Checking defaults for PD1/pdf/m/n on input line 71.
LaTeX Font Info:    ... okay on input line 71.
LaTeX Font Info:    Checking defaults for PU/pdf/m/n on input line 71.
LaTeX Font Info:    ... okay on input line 71.
LaTeX Font Info:    Font shape `TU/SourceSansPro(0)/m/n' will be
(Font)              scaled to size 10.95pt on input line 71.

ABD: EverySelectfont initializing macros
LaTeX Info: Redefining \selectfont on input line 71.

*geometry* detected driver: pdftex
*geometry* verbose mode - [ preamble ] result:
* driver: pdftex
* paper: a4paper
* layout: <same size as paper>
* layoutoffset:(h,v)=(0.0pt,0.0pt)
* modes: 
* h-part:(L,W,R)=(56.9055pt, 483.69687pt, 56.9055pt)
* v-part:(T,H,B)=(42.67912pt, 745.46222pt, 56.9055pt)
* \paperwidth=597.50787pt
* \paperheight=845.04684pt
* \textwidth=483.69687pt
* \textheight=745.46222pt
* \oddsidemargin=-15.36449pt
* \evensidemargin=-15.36449pt
* \topmargin=-66.59087pt
* \headheight=12.0pt
* \headsep=25.0pt
* \topskip=11.0pt
* \footskip=14.22636pt
* \marginparwidth=50.0pt
* \marginparsep=10.0pt
* \columnsep=10.0pt
* \skip\footins=10.0pt plus 4.0pt minus 2.0pt
* \hoffset=0.0pt
* \voffset=0.0pt
* \mag=1000
* \@twocolumnfalse
* \@twosidefalse
* \@mparswitchfalse
* \@reversemarginfalse
* (1in=72.27pt=25.4mm, 1cm=28.453pt)

LaTeX Font Info:    Overwriting math alphabet `\mathrm' in version `normal'
(Font)                  OT1/cmr/m/n --> TU/lmr/m/n on input line 71.
LaTeX Font Info:    Overwriting math alphabet `\mathit' in version `normal'
(Font)                  OT1/cmr/m/it --> TU/lmr/m/it on input line 71.
LaTeX Font Info:    Overwriting math alphabet `\mathbf' in version `normal'
(Font)                  OT1/cmr/bx/n --> TU/lmr/bx/n on input line 71.
LaTeX Font Info:    Overwriting math alphabet `\mathtt' in version `normal'
(Font)                  OT1/cmtt/m/n --> TU/lmtt/m/n on input line 71.
LaTeX Font Info:    Overwriting math alphabet `\mathtt' in version `bold'
(Font)                  OT1/cmtt/m/n --> TU/lmtt/bx/n on input line 71.
\g__fontspec_family_latinmodern-math.otf_int=\count296
LaTeX Font Info:    Encoding `OT1' has changed to `TU' for symbol font
(Font)              `operators' in the math version `normal' on input line 71.
LaTeX Font Info:    Overwriting symbol font `operators' in version `normal'
(Font)                  OT1/cmr/m/n --> TU/latinmodern-math.otf(1)/m/n on input
 line 71.
LaTeX Font Info:    Encoding `OT1' has changed to `TU' for symbol font
(Font)              `operators' in the math version `bold' on input line 71.
LaTeX Font Info:    Overwriting symbol font `operators' in version `bold'
(Font)                  OT1/cmr/bx/n --> TU/latinmodern-math.otf(1)/bx/n on inp
ut line 71.
LaTeX Font Info:    Encoding `OMS' has changed to `TU' for symbol font
(Font)              `symbols' in the math version `normal' on input line 71.
LaTeX Font Info:    Overwriting symbol font `symbols' in version `normal'
(Font)                  OMS/cmsy/m/n --> TU/latinmodern-math.otf(2)/m/n on inpu
t line 71.
LaTeX Font Info:    Encoding `OMS' has changed to `TU' for symbol font
(Font)              `symbols' in the math version `bold' on input line 71.
LaTeX Font Info:    Overwriting symbol font `symbols' in version `bold'
(Font)                  OMS/cmsy/b/n --> TU/latinmodern-math.otf(2)/bx/n on inp
ut line 71.
LaTeX Font Info:    Encoding `OMX' has changed to `TU' for symbol font
(Font)              `largesymbols' in the math version `normal' on input line 7
1.
LaTeX Font Info:    Overwriting symbol font `largesymbols' in version `normal'
(Font)                  OMX/cmex/m/n --> TU/latinmodern-math.otf(3)/m/n on inpu
t line 71.
LaTeX Font Info:    Encoding `OMX' has changed to `TU' for symbol font
(Font)              `largesymbols' in the math version `bold' on input line 71.

LaTeX Font Info:    Overwriting symbol font `largesymbols' in version `bold'
(Font)                  OMX/cmex/m/n --> TU/latinmodern-math.otf(3)/bx/n on inp
ut line 71.
ABD: EveryShipout initializing macros
\AtBeginShipoutBox=\box63
Package hyperref Info: Link coloring OFF on input line 71.
 (D:\MikTeX\tex\latex\hyperref\nameref.sty
Package: nameref 2016/05/21 v2.44 Cross-referencing by name of section
(D:\MikTeX\tex\generic\oberdiek\gettitlestring.sty
Package: gettitlestring 2016/05/16 v1.5 Cleanup title references (HO)
)
\c@section@level=\count297
)
LaTeX Info: Redefining \ref on input line 71.
LaTeX Info: Redefining \pageref on input line 71.
LaTeX Info: Redefining \nameref on input line 71.
 (JeremiahDunneResume.out)
(JeremiahDunneResume.out)
\@outlinefile=\write6
\openout6 = `JeremiahDunneResume.out'.

\headertextwidth=\skip79
\headerphotowidth=\skip80
LaTeX Font Info:    Font shape `TU/latinmodern-math.otf(2)/m/n' will be
(Font)              scaled to size 10.95015pt on input line 74.
LaTeX Font Info:    Font shape `TU/latinmodern-math.otf(2)/m/n' will be
(Font)              scaled to size 7.67863pt on input line 74.
LaTeX Font Info:    Font shape `TU/latinmodern-math.otf(2)/m/n' will be
(Font)              scaled to size 5.45398pt on input line 74.
LaTeX Font Info:    Font shape `TU/latinmodern-math.otf(3)/m/n' will be
(Font)              scaled to size 10.94983pt on input line 74.
LaTeX Font Info:    Font shape `TU/latinmodern-math.otf(3)/m/n' will be
(Font)              scaled to size 7.6784pt on input line 74.
LaTeX Font Info:    Font shape `TU/latinmodern-math.otf(3)/m/n' will be
(Font)              scaled to size 5.45381pt on input line 74.

Overfull \hbox (1.46pt too wide) in paragraph at lines 74--74
[]$[]$ $[]$$[]$ 
 []

(cv-sections/education.tex
LaTeX Font Info:    Font shape `TU/SourceSansPro(1)/m/n' will be
(Font)              scaled to size 16.0pt on input line 5.
LaTeX Font Info:    Font shape `TU/SourceSansPro(1)/bx/n' will be
(Font)              scaled to size 16.0pt on input line 5.
LaTeX Font Info:    Font shape `TU/SourceSansPro(1)/m/n' will be
(Font)              scaled to size 10.0pt on input line 27.
LaTeX Font Info:    Font shape `TU/SourceSansPro(1)/bx/n' will be
(Font)              scaled to size 10.0pt on input line 27.
LaTeX Font Info:    Font shape `TU/SourceSansPro(2)/m/n' will be
(Font)              scaled to size 9.0pt on input line 27.
LaTeX Font Info:    Font shape `TU/SourceSansPro(2)/m/sl' in size <9> not avail
able
(Font)              Font shape `TU/SourceSansPro(2)/m/it' tried instead on inpu
t line 27.
LaTeX Font Info:    Font shape `TU/SourceSansPro(2)/m/it' will be
(Font)              scaled to size 9.0pt on input line 27.
LaTeX Font Info:    Font shape `TU/SourceSansPro(1)/m/n' will be
(Font)              scaled to size 8.0pt on input line 27.
LaTeX Font Info:    Font shape `TU/SourceSansPro(1)/m/sc' will be
(Font)              scaled to size 8.0pt on input line 27.
LaTeX Font Info:    Font shape `TU/SourceSansPro(2)/m/n' will be
(Font)              scaled to size 8.0pt on input line 27.
LaTeX Font Info:    Font shape `TU/SourceSansPro(2)/m/sl' in size <8> not avail
able
(Font)              Font shape `TU/SourceSansPro(2)/m/it' tried instead on inpu
t line 27.
LaTeX Font Info:    Font shape `TU/SourceSansPro(2)/m/it' will be
(Font)              scaled to size 8.0pt on input line 27.
) (cv-sections/experience.tex
Overfull \hbox (2.92001pt too wide) in paragraph at lines 20--69
   [] 
 []


Overfull \hbox (2.92001pt too wide) in paragraph at lines 20--69
   [] 
 []

) (cv-sections/skills.tex
Overfull \hbox (28.25247pt too wide) in alignment at lines 11--38
[] [] 
 []

) [1

]
Package atveryend Info: Empty hook `BeforeClearDocument' on input line 95.
Package atveryend Info: Empty hook `AfterLastShipout' on input line 95.
 (JeremiahDunneResume.aux)
Package atveryend Info: Empty hook `AtVeryEndDocument' on input line 95.
Package atveryend Info: Empty hook `AtEndAfterFileList' on input line 95.
 ) 
Here is how much of TeX's memory you used:
 38751 strings out of 427839
 744115 string characters out of 3155941
 962792 words of memory out of 3000000
 42281 multiletter control sequences out of 15000+200000
 534748 words of font info for 79 fonts, out of 3000000 for 9000
 1328 hyphenation exceptions out of 8191
 72i,11n,89p,851b,525s stack positions out of 5000i,500n,10000p,200000b,50000s

Output written on JeremiahDunneResume.pdf (1 page).
